2022/07/29 02:13:35 [notice] 1#1: using the "epoll" event method
2022/07/29 02:13:35 [notice] 1#1: nginx/1.20.2
2022/07/29 02:13:35 [notice] 1#1: built by gcc 10.2.1 20210110 (Debian 10.2.1-6) 
2022/07/29 02:13:35 [notice] 1#1: OS: Linux 5.10.104-linuxkit
2022/07/29 02:13:35 [notice] 1#1: getrlimit(RLIMIT_NOFILE): 1048576:1048576
2022/07/29 02:13:35 [notice] 1#1: start worker processes
2022/07/29 02:13:35 [notice] 1#1: start worker process 31
2022/07/29 02:13:35 [notice] 1#1: start worker process 32
2022/07/29 02:13:35 [notice] 1#1: start worker process 33
2022/07/29 02:13:35 [notice] 1#1: start worker process 34
2022/07/29 02:13:35 [notice] 1#1: start worker process 35
2022/07/29 02:13:35 [notice] 1#1: start worker process 36
2022/07/29 02:13:35 [notice] 1#1: start worker process 37
2022/07/29 02:13:35 [notice] 1#1: start worker process 38
2022/07/29 02:14:38 [notice] 1#1: using the "epoll" event method
2022/07/29 02:14:38 [notice] 1#1: nginx/1.20.2
2022/07/29 02:14:38 [notice] 1#1: built by gcc 10.2.1 20210110 (Debian 10.2.1-6) 
2022/07/29 02:14:38 [notice] 1#1: OS: Linux 5.10.104-linuxkit
2022/07/29 02:14:38 [notice] 1#1: getrlimit(RLIMIT_NOFILE): 1048576:1048576
2022/07/29 02:14:38 [notice] 1#1: start worker processes
2022/07/29 02:14:38 [notice] 1#1: start worker process 30
2022/07/29 02:14:38 [notice] 1#1: start worker process 31
2022/07/29 02:14:38 [notice] 1#1: start worker process 32
2022/07/29 02:14:38 [notice] 1#1: start worker process 33
2022/07/29 02:14:38 [notice] 1#1: start worker process 34
2022/07/29 02:14:38 [notice] 1#1: start worker process 35
2022/07/29 02:14:38 [notice] 1#1: start worker process 36
2022/07/29 02:14:38 [notice] 1#1: start worker process 37
2022/07/29 02:31:40 [notice] 1#1: using the "epoll" event method
2022/07/29 02:31:40 [notice] 1#1: nginx/1.20.2
2022/07/29 02:31:40 [notice] 1#1: built by gcc 10.2.1 20210110 (Debian 10.2.1-6) 
2022/07/29 02:31:40 [notice] 1#1: OS: Linux 5.10.104-linuxkit
2022/07/29 02:31:40 [notice] 1#1: getrlimit(RLIMIT_NOFILE): 1048576:1048576
2022/07/29 02:31:40 [notice] 1#1: start worker processes
2022/07/29 02:31:40 [notice] 1#1: start worker process 30
2022/07/29 02:31:40 [notice] 1#1: start worker process 31
2022/07/29 02:31:40 [notice] 1#1: start worker process 32
2022/07/29 02:31:40 [notice] 1#1: start worker process 33
2022/07/29 02:31:40 [notice] 1#1: start worker process 34
2022/07/29 02:31:40 [notice] 1#1: start worker process 35
2022/07/29 02:31:40 [notice] 1#1: start worker process 36
2022/07/29 02:31:40 [notice] 1#1: start worker process 37
2022/07/29 03:36:03 [notice] 1#1: using the "epoll" event method
2022/07/29 03:36:03 [notice] 1#1: nginx/1.20.2
2022/07/29 03:36:03 [notice] 1#1: built by gcc 10.2.1 20210110 (Debian 10.2.1-6) 
2022/07/29 03:36:03 [notice] 1#1: OS: Linux 5.10.104-linuxkit
2022/07/29 03:36:03 [notice] 1#1: getrlimit(RLIMIT_NOFILE): 1048576:1048576
2022/07/29 03:36:03 [notice] 1#1: start worker processes
2022/07/29 03:36:03 [notice] 1#1: start worker process 30
2022/07/29 03:36:03 [notice] 1#1: start worker process 31
2022/07/29 03:36:03 [notice] 1#1: start worker process 32
2022/07/29 03:36:03 [notice] 1#1: start worker process 33
2022/07/29 03:36:03 [notice] 1#1: start worker process 34
2022/07/29 03:36:03 [notice] 1#1: start worker process 35
2022/07/29 03:36:03 [notice] 1#1: start worker process 36
2022/07/29 03:36:03 [notice] 1#1: start worker process 37
2022/07/29 04:21:41 [notice] 1#1: using the "epoll" event method
2022/07/29 04:21:41 [notice] 1#1: nginx/1.20.2
2022/07/29 04:21:41 [notice] 1#1: built by gcc 10.2.1 20210110 (Debian 10.2.1-6) 
2022/07/29 04:21:41 [notice] 1#1: OS: Linux 5.10.104-linuxkit
2022/07/29 04:21:41 [notice] 1#1: getrlimit(RLIMIT_NOFILE): 1048576:1048576
2022/07/29 04:21:41 [notice] 1#1: start worker processes
2022/07/29 04:21:41 [notice] 1#1: start worker process 30
2022/07/29 04:21:41 [notice] 1#1: start worker process 31
2022/07/29 04:21:41 [notice] 1#1: start worker process 32
2022/07/29 04:21:41 [notice] 1#1: start worker process 33
2022/07/29 04:21:41 [notice] 1#1: start worker process 34
2022/07/29 04:21:41 [notice] 1#1: start worker process 35
2022/07/29 04:21:41 [notice] 1#1: start worker process 36
2022/07/29 04:21:41 [notice] 1#1: start worker process 37
2022/07/29 05:13:09 [notice] 1#1: using the "epoll" event method
2022/07/29 05:13:09 [notice] 1#1: nginx/1.20.2
2022/07/29 05:13:09 [notice] 1#1: built by gcc 10.2.1 20210110 (Debian 10.2.1-6) 
2022/07/29 05:13:09 [notice] 1#1: OS: Linux 5.10.104-linuxkit
2022/07/29 05:13:09 [notice] 1#1: getrlimit(RLIMIT_NOFILE): 1048576:1048576
2022/07/29 05:13:09 [notice] 1#1: start worker processes
2022/07/29 05:13:09 [notice] 1#1: start worker process 30
2022/07/29 05:13:09 [notice] 1#1: start worker process 31
2022/07/29 05:13:09 [notice] 1#1: start worker process 32
2022/07/29 05:13:09 [notice] 1#1: start worker process 33
2022/07/29 05:13:09 [notice] 1#1: start worker process 34
2022/07/29 05:13:09 [notice] 1#1: start worker process 35
2022/07/29 05:13:09 [notice] 1#1: start worker process 36
2022/07/29 05:13:09 [notice] 1#1: start worker process 37
2022/07/29 05:53:37 [notice] 1#1: using the "epoll" event method
2022/07/29 05:53:37 [notice] 1#1: nginx/1.20.2
2022/07/29 05:53:37 [notice] 1#1: built by gcc 10.2.1 20210110 (Debian 10.2.1-6) 
2022/07/29 05:53:37 [notice] 1#1: OS: Linux 5.10.104-linuxkit
2022/07/29 05:53:37 [notice] 1#1: getrlimit(RLIMIT_NOFILE): 1048576:1048576
2022/07/29 05:53:37 [notice] 1#1: start worker processes
2022/07/29 05:53:37 [notice] 1#1: start worker process 30
2022/07/29 05:53:37 [notice] 1#1: start worker process 31
2022/07/29 05:53:37 [notice] 1#1: start worker process 32
2022/07/29 05:53:37 [notice] 1#1: start worker process 33
2022/07/29 05:53:37 [notice] 1#1: start worker process 34
2022/07/29 05:53:37 [notice] 1#1: start worker process 35
2022/07/29 05:53:37 [notice] 1#1: start worker process 36
2022/07/29 05:53:37 [notice] 1#1: start worker process 37
2022/07/29 06:12:20 [notice] 1#1: using the "epoll" event method
2022/07/29 06:12:20 [notice] 1#1: nginx/1.20.2
2022/07/29 06:12:20 [notice] 1#1: built by gcc 10.2.1 20210110 (Debian 10.2.1-6) 
2022/07/29 06:12:20 [notice] 1#1: OS: Linux 5.10.104-linuxkit
2022/07/29 06:12:20 [notice] 1#1: getrlimit(RLIMIT_NOFILE): 1048576:1048576
2022/07/29 06:12:20 [notice] 1#1: start worker processes
2022/07/29 06:12:20 [notice] 1#1: start worker process 30
2022/07/29 06:12:20 [notice] 1#1: start worker process 31
2022/07/29 06:12:20 [notice] 1#1: start worker process 32
2022/07/29 06:12:20 [notice] 1#1: start worker process 33
2022/07/29 06:12:20 [notice] 1#1: start worker process 34
2022/07/29 06:12:20 [notice] 1#1: start worker process 35
2022/07/29 06:12:20 [notice] 1#1: start worker process 36
2022/07/29 06:12:20 [notice] 1#1: start worker process 37
2022/07/29 06:25:52 [notice] 1#1: using the "epoll" event method
2022/07/29 06:25:52 [notice] 1#1: nginx/1.20.2
2022/07/29 06:25:52 [notice] 1#1: built by gcc 10.2.1 20210110 (Debian 10.2.1-6) 
2022/07/29 06:25:52 [notice] 1#1: OS: Linux 5.10.104-linuxkit
2022/07/29 06:25:52 [notice] 1#1: getrlimit(RLIMIT_NOFILE): 1048576:1048576
2022/07/29 06:25:52 [notice] 1#1: start worker processes
2022/07/29 06:25:52 [notice] 1#1: start worker process 30
2022/07/29 06:25:52 [notice] 1#1: start worker process 31
2022/07/29 06:25:52 [notice] 1#1: start worker process 32
2022/07/29 06:25:52 [notice] 1#1: start worker process 33
2022/07/29 06:25:52 [notice] 1#1: start worker process 34
2022/07/29 06:25:52 [notice] 1#1: start worker process 35
2022/07/29 06:25:52 [notice] 1#1: start worker process 36
2022/07/29 06:25:52 [notice] 1#1: start worker process 37
2022/07/29 06:29:22 [notice] 1#1: using the "epoll" event method
2022/07/29 06:29:22 [notice] 1#1: nginx/1.20.2
2022/07/29 06:29:22 [notice] 1#1: built by gcc 10.2.1 20210110 (Debian 10.2.1-6) 
2022/07/29 06:29:22 [notice] 1#1: OS: Linux 5.10.104-linuxkit
2022/07/29 06:29:22 [notice] 1#1: getrlimit(RLIMIT_NOFILE): 1048576:1048576
2022/07/29 06:29:22 [notice] 1#1: start worker processes
2022/07/29 06:29:22 [notice] 1#1: start worker process 30
2022/07/29 06:29:22 [notice] 1#1: start worker process 31
2022/07/29 06:29:22 [notice] 1#1: start worker process 32
2022/07/29 06:29:22 [notice] 1#1: start worker process 33
2022/07/29 06:29:22 [notice] 1#1: start worker process 34
2022/07/29 06:29:22 [notice] 1#1: start worker process 35
2022/07/29 06:29:22 [notice] 1#1: start worker process 36
2022/07/29 06:29:22 [notice] 1#1: start worker process 37
2022/07/29 06:35:43 [notice] 1#1: using the "epoll" event method
2022/07/29 06:35:43 [notice] 1#1: nginx/1.20.2
2022/07/29 06:35:43 [notice] 1#1: built by gcc 10.2.1 20210110 (Debian 10.2.1-6) 
2022/07/29 06:35:43 [notice] 1#1: OS: Linux 5.10.104-linuxkit
2022/07/29 06:35:43 [notice] 1#1: getrlimit(RLIMIT_NOFILE): 1048576:1048576
2022/07/29 06:35:43 [notice] 1#1: start worker processes
2022/07/29 06:35:43 [notice] 1#1: start worker process 30
2022/07/29 06:35:43 [notice] 1#1: start worker process 31
2022/07/29 06:35:43 [notice] 1#1: start worker process 32
2022/07/29 06:35:43 [notice] 1#1: start worker process 33
2022/07/29 06:35:43 [notice] 1#1: start worker process 34
2022/07/29 06:35:43 [notice] 1#1: start worker process 35
2022/07/29 06:35:43 [notice] 1#1: start worker process 36
2022/07/29 06:35:43 [notice] 1#1: start worker process 37
2022/07/29 07:10:53 [notice] 1#1: using the "epoll" event method
2022/07/29 07:10:53 [notice] 1#1: nginx/1.20.2
2022/07/29 07:10:53 [notice] 1#1: built by gcc 10.2.1 20210110 (Debian 10.2.1-6) 
2022/07/29 07:10:53 [notice] 1#1: OS: Linux 5.10.104-linuxkit
2022/07/29 07:10:53 [notice] 1#1: getrlimit(RLIMIT_NOFILE): 1048576:1048576
2022/07/29 07:10:53 [notice] 1#1: start worker processes
2022/07/29 07:10:53 [notice] 1#1: start worker process 30
2022/07/29 07:10:53 [notice] 1#1: start worker process 31
2022/07/29 07:10:53 [notice] 1#1: start worker process 32
2022/07/29 07:10:53 [notice] 1#1: start worker process 33
2022/07/29 07:10:53 [notice] 1#1: start worker process 34
2022/07/29 07:10:53 [notice] 1#1: start worker process 35
2022/07/29 07:10:53 [notice] 1#1: start worker process 36
2022/07/29 07:10:53 [notice] 1#1: start worker process 37
2022/07/29 07:14:16 [notice] 1#1: using the "epoll" event method
2022/07/29 07:14:16 [notice] 1#1: nginx/1.20.2
2022/07/29 07:14:16 [notice] 1#1: built by gcc 10.2.1 20210110 (Debian 10.2.1-6) 
2022/07/29 07:14:16 [notice] 1#1: OS: Linux 5.10.104-linuxkit
2022/07/29 07:14:16 [notice] 1#1: getrlimit(RLIMIT_NOFILE): 1048576:1048576
2022/07/29 07:14:16 [notice] 1#1: start worker processes
2022/07/29 07:14:16 [notice] 1#1: start worker process 30
2022/07/29 07:14:16 [notice] 1#1: start worker process 31
2022/07/29 07:14:16 [notice] 1#1: start worker process 32
2022/07/29 07:14:16 [notice] 1#1: start worker process 33
2022/07/29 07:14:16 [notice] 1#1: start worker process 34
2022/07/29 07:14:16 [notice] 1#1: start worker process 35
2022/07/29 07:14:16 [notice] 1#1: start worker process 36
2022/07/29 07:14:16 [notice] 1#1: start worker process 37
2022/08/02 07:44:09 [notice] 1#1: using the "epoll" event method
2022/08/02 07:44:09 [notice] 1#1: nginx/1.20.2
2022/08/02 07:44:09 [notice] 1#1: built by gcc 10.2.1 20210110 (Debian 10.2.1-6) 
2022/08/02 07:44:09 [notice] 1#1: OS: Linux 5.10.104-linuxkit
2022/08/02 07:44:09 [notice] 1#1: getrlimit(RLIMIT_NOFILE): 1048576:1048576
2022/08/02 07:44:09 [notice] 1#1: start worker processes
2022/08/02 07:44:09 [notice] 1#1: start worker process 30
2022/08/02 07:44:09 [notice] 1#1: start worker process 31
2022/08/02 07:44:09 [notice] 1#1: start worker process 32
2022/08/02 07:44:09 [notice] 1#1: start worker process 33
2022/08/02 07:44:09 [notice] 1#1: start worker process 34
2022/08/02 07:44:09 [notice] 1#1: start worker process 35
2022/08/02 07:44:09 [notice] 1#1: start worker process 36
2022/08/02 07:44:09 [notice] 1#1: start worker process 37
2022/08/02 07:51:55 [notice] 1#1: signal 3 (SIGQUIT) received, shutting down
2022/08/02 07:51:55 [notice] 30#30: gracefully shutting down
2022/08/02 07:51:55 [notice] 33#33: gracefully shutting down
2022/08/02 07:51:55 [notice] 35#35: gracefully shutting down
2022/08/02 07:51:55 [notice] 35#35: exiting
2022/08/02 07:51:55 [notice] 37#37: gracefully shutting down
2022/08/02 07:51:55 [notice] 34#34: gracefully shutting down
2022/08/02 07:51:55 [notice] 31#31: gracefully shutting down
2022/08/02 07:51:55 [notice] 36#36: gracefully shutting down
2022/08/02 07:51:55 [notice] 30#30: exiting
2022/08/02 07:51:55 [notice] 30#30: exit
2022/08/02 07:51:55 [notice] 32#32: gracefully shutting down
2022/08/02 07:51:55 [notice] 33#33: exiting
2022/08/02 07:51:55 [notice] 35#35: exit
2022/08/02 07:51:55 [notice] 37#37: exiting
2022/08/02 07:51:55 [notice] 34#34: exiting
2022/08/02 07:51:55 [notice] 34#34: exit
2022/08/02 07:51:55 [notice] 31#31: exiting
2022/08/02 07:51:55 [notice] 36#36: exiting
2022/08/02 07:51:55 [notice] 32#32: exiting
2022/08/02 07:51:55 [notice] 33#33: exit
2022/08/02 07:51:55 [notice] 37#37: exit
2022/08/02 07:51:55 [notice] 31#31: exit
2022/08/02 07:51:55 [notice] 36#36: exit
2022/08/02 07:51:55 [notice] 32#32: exit
2022/08/02 07:51:55 [notice] 1#1: signal 17 (SIGCHLD) received from 30
2022/08/02 07:51:55 [notice] 1#1: worker process 30 exited with code 0
2022/08/02 07:51:55 [notice] 1#1: signal 29 (SIGIO) received
2022/08/02 07:51:55 [notice] 1#1: signal 17 (SIGCHLD) received from 35
2022/08/02 07:51:55 [notice] 1#1: worker process 35 exited with code 0
2022/08/02 07:51:55 [notice] 1#1: signal 29 (SIGIO) received
2022/08/02 07:51:55 [notice] 1#1: signal 17 (SIGCHLD) received from 37
2022/08/02 07:51:55 [notice] 1#1: worker process 34 exited with code 0
2022/08/02 07:51:55 [notice] 1#1: worker process 37 exited with code 0
2022/08/02 07:51:55 [notice] 1#1: signal 17 (SIGCHLD) received from 33
2022/08/02 07:51:55 [notice] 1#1: worker process 33 exited with code 0
2022/08/02 07:51:55 [notice] 1#1: signal 29 (SIGIO) received
2022/08/02 07:51:55 [notice] 1#1: signal 29 (SIGIO) received
2022/08/02 07:51:55 [notice] 1#1: signal 17 (SIGCHLD) received from 31
2022/08/02 07:51:55 [notice] 1#1: worker process 31 exited with code 0
2022/08/02 07:51:55 [notice] 1#1: worker process 32 exited with code 0
2022/08/02 07:51:55 [notice] 1#1: signal 29 (SIGIO) received
2022/08/02 07:51:55 [notice] 1#1: signal 17 (SIGCHLD) received from 36
2022/08/02 07:51:55 [notice] 1#1: worker process 36 exited with code 0
2022/08/02 07:51:55 [notice] 1#1: exit
2022/08/02 07:54:10 [notice] 1#1: using the "epoll" event method
2022/08/02 07:54:10 [notice] 1#1: nginx/1.20.2
2022/08/02 07:54:10 [notice] 1#1: built by gcc 10.2.1 20210110 (Debian 10.2.1-6) 
2022/08/02 07:54:10 [notice] 1#1: OS: Linux 5.10.104-linuxkit
2022/08/02 07:54:10 [notice] 1#1: getrlimit(RLIMIT_NOFILE): 1048576:1048576
2022/08/02 07:54:10 [notice] 1#1: start worker processes
2022/08/02 07:54:10 [notice] 1#1: start worker process 30
2022/08/02 07:54:10 [notice] 1#1: start worker process 31
2022/08/02 07:54:10 [notice] 1#1: start worker process 32
2022/08/02 07:54:10 [notice] 1#1: start worker process 33
2022/08/02 07:54:10 [notice] 1#1: start worker process 34
2022/08/02 07:54:10 [notice] 1#1: start worker process 35
2022/08/02 07:54:10 [notice] 1#1: start worker process 36
2022/08/02 07:54:10 [notice] 1#1: start worker process 37
2022/08/02 07:56:32 [notice] 1#1: signal 3 (SIGQUIT) received, shutting down
2022/08/02 07:56:32 [notice] 30#30: gracefully shutting down
2022/08/02 07:56:32 [notice] 32#32: gracefully shutting down
2022/08/02 07:56:32 [notice] 33#33: gracefully shutting down
2022/08/02 07:56:32 [notice] 31#31: gracefully shutting down
2022/08/02 07:56:32 [notice] 31#31: exiting
2022/08/02 07:56:32 [notice] 34#34: gracefully shutting down
2022/08/02 07:56:32 [notice] 36#36: gracefully shutting down
2022/08/02 07:56:32 [notice] 37#37: gracefully shutting down
2022/08/02 07:56:32 [notice] 35#35: gracefully shutting down
2022/08/02 07:56:32 [notice] 30#30: exiting
2022/08/02 07:56:32 [notice] 32#32: exiting
2022/08/02 07:56:32 [notice] 33#33: exiting
2022/08/02 07:56:32 [notice] 31#31: exit
2022/08/02 07:56:32 [notice] 34#34: exiting
2022/08/02 07:56:32 [notice] 36#36: exiting
2022/08/02 07:56:32 [notice] 37#37: exiting
2022/08/02 07:56:32 [notice] 35#35: exiting
2022/08/02 07:56:32 [notice] 30#30: exit
2022/08/02 07:56:32 [notice] 32#32: exit
2022/08/02 07:56:32 [notice] 33#33: exit
2022/08/02 07:56:32 [notice] 34#34: exit
2022/08/02 07:56:32 [notice] 36#36: exit
2022/08/02 07:56:32 [notice] 37#37: exit
2022/08/02 07:56:32 [notice] 35#35: exit
2022/08/02 07:56:32 [notice] 1#1: signal 17 (SIGCHLD) received from 36
2022/08/02 07:56:32 [notice] 1#1: worker process 36 exited with code 0
2022/08/02 07:56:32 [notice] 1#1: signal 29 (SIGIO) received
2022/08/02 07:56:32 [notice] 1#1: signal 17 (SIGCHLD) received from 31
2022/08/02 07:56:32 [notice] 1#1: worker process 30 exited with code 0
2022/08/02 07:56:32 [notice] 1#1: worker process 31 exited with code 0
2022/08/02 07:56:32 [notice] 1#1: worker process 34 exited with code 0
2022/08/02 07:56:32 [notice] 1#1: signal 17 (SIGCHLD) received from 34
2022/08/02 07:56:32 [notice] 1#1: signal 29 (SIGIO) received
2022/08/02 07:56:32 [notice] 1#1: signal 17 (SIGCHLD) received from 37
2022/08/02 07:56:32 [notice] 1#1: worker process 37 exited with code 0
2022/08/02 07:56:32 [notice] 1#1: signal 29 (SIGIO) received
2022/08/02 07:56:32 [notice] 1#1: signal 17 (SIGCHLD) received from 32
2022/08/02 07:56:32 [notice] 1#1: worker process 32 exited with code 0
2022/08/02 07:56:32 [notice] 1#1: worker process 33 exited with code 0
2022/08/02 07:56:32 [notice] 1#1: worker process 35 exited with code 0
2022/08/02 07:56:32 [notice] 1#1: exit
2022/08/02 07:58:20 [notice] 1#1: using the "epoll" event method
2022/08/02 07:58:20 [notice] 1#1: nginx/1.20.2
2022/08/02 07:58:20 [notice] 1#1: built by gcc 10.2.1 20210110 (Debian 10.2.1-6) 
2022/08/02 07:58:20 [notice] 1#1: OS: Linux 5.10.104-linuxkit
2022/08/02 07:58:20 [notice] 1#1: getrlimit(RLIMIT_NOFILE): 1048576:1048576
2022/08/02 07:58:20 [notice] 1#1: start worker processes
2022/08/02 07:58:20 [notice] 1#1: start worker process 30
2022/08/02 07:58:20 [notice] 1#1: start worker process 31
2022/08/02 07:58:20 [notice] 1#1: start worker process 32
2022/08/02 07:58:20 [notice] 1#1: start worker process 33
2022/08/02 07:58:20 [notice] 1#1: start worker process 34
2022/08/02 07:58:20 [notice] 1#1: start worker process 35
2022/08/02 07:58:20 [notice] 1#1: start worker process 36
2022/08/02 07:58:20 [notice] 1#1: start worker process 37
2022/08/02 08:02:32 [notice] 1#1: signal 3 (SIGQUIT) received, shutting down
2022/08/02 08:02:32 [notice] 32#32: gracefully shutting down
2022/08/02 08:02:32 [notice] 32#32: exiting
2022/08/02 08:02:32 [notice] 30#30: gracefully shutting down
2022/08/02 08:02:32 [notice] 34#34: gracefully shutting down
2022/08/02 08:02:32 [notice] 31#31: gracefully shutting down
2022/08/02 08:02:32 [notice] 37#37: gracefully shutting down
2022/08/02 08:02:32 [notice] 35#35: gracefully shutting down
2022/08/02 08:02:32 [notice] 36#36: gracefully shutting down
2022/08/02 08:02:32 [notice] 33#33: gracefully shutting down
2022/08/02 08:02:32 [notice] 32#32: exit
2022/08/02 08:02:32 [notice] 30#30: exiting
2022/08/02 08:02:32 [notice] 34#34: exiting
2022/08/02 08:02:32 [notice] 31#31: exiting
2022/08/02 08:02:32 [notice] 37#37: exiting
2022/08/02 08:02:32 [notice] 35#35: exiting
2022/08/02 08:02:32 [notice] 36#36: exiting
2022/08/02 08:02:32 [notice] 33#33: exiting
2022/08/02 08:02:32 [notice] 30#30: exit
2022/08/02 08:02:32 [notice] 34#34: exit
2022/08/02 08:02:32 [notice] 31#31: exit
2022/08/02 08:02:32 [notice] 37#37: exit
2022/08/02 08:02:32 [notice] 35#35: exit
2022/08/02 08:02:32 [notice] 36#36: exit
2022/08/02 08:02:32 [notice] 33#33: exit
2022/08/02 08:02:32 [notice] 1#1: signal 17 (SIGCHLD) received from 32
2022/08/02 08:02:32 [notice] 1#1: worker process 32 exited with code 0
2022/08/02 08:02:32 [notice] 1#1: signal 29 (SIGIO) received
2022/08/02 08:02:32 [notice] 1#1: signal 17 (SIGCHLD) received from 34
2022/08/02 08:02:32 [notice] 1#1: worker process 30 exited with code 0
2022/08/02 08:02:32 [notice] 1#1: worker process 31 exited with code 0
2022/08/02 08:02:32 [notice] 1#1: worker process 34 exited with code 0
2022/08/02 08:02:32 [notice] 1#1: signal 29 (SIGIO) received
2022/08/02 08:02:32 [notice] 1#1: signal 17 (SIGCHLD) received from 37
2022/08/02 08:02:32 [notice] 1#1: worker process 37 exited with code 0
2022/08/02 08:02:32 [notice] 1#1: signal 29 (SIGIO) received
2022/08/02 08:02:32 [notice] 1#1: signal 17 (SIGCHLD) received from 36
2022/08/02 08:02:32 [notice] 1#1: worker process 35 exited with code 0
2022/08/02 08:02:32 [notice] 1#1: worker process 36 exited with code 0
2022/08/02 08:02:32 [notice] 1#1: signal 29 (SIGIO) received
2022/08/02 08:02:32 [notice] 1#1: signal 17 (SIGCHLD) received from 35
2022/08/02 08:02:32 [notice] 1#1: worker process 33 exited with code 0
2022/08/02 08:02:32 [notice] 1#1: exit
2022/08/02 08:04:06 [notice] 1#1: using the "epoll" event method
2022/08/02 08:04:06 [notice] 1#1: nginx/1.20.2
2022/08/02 08:04:06 [notice] 1#1: built by gcc 10.2.1 20210110 (Debian 10.2.1-6) 
2022/08/02 08:04:06 [notice] 1#1: OS: Linux 5.10.104-linuxkit
2022/08/02 08:04:06 [notice] 1#1: getrlimit(RLIMIT_NOFILE): 1048576:1048576
2022/08/02 08:04:06 [notice] 1#1: start worker processes
2022/08/02 08:04:06 [notice] 1#1: start worker process 30
2022/08/02 08:04:06 [notice] 1#1: start worker process 31
2022/08/02 08:04:06 [notice] 1#1: start worker process 32
2022/08/02 08:04:06 [notice] 1#1: start worker process 33
2022/08/02 08:04:06 [notice] 1#1: start worker process 34
2022/08/02 08:04:06 [notice] 1#1: start worker process 35
2022/08/02 08:04:06 [notice] 1#1: start worker process 36
2022/08/02 08:04:06 [notice] 1#1: start worker process 37
2022/08/02 08:04:50 [notice] 1#1: signal 3 (SIGQUIT) received, shutting down
2022/08/02 08:04:50 [notice] 31#31: gracefully shutting down
2022/08/02 08:04:50 [notice] 31#31: exiting
2022/08/02 08:04:50 [notice] 30#30: gracefully shutting down
2022/08/02 08:04:50 [notice] 33#33: gracefully shutting down
2022/08/02 08:04:50 [notice] 33#33: exiting
2022/08/02 08:04:50 [notice] 35#35: gracefully shutting down
2022/08/02 08:04:50 [notice] 34#34: gracefully shutting down
2022/08/02 08:04:50 [notice] 32#32: gracefully shutting down
2022/08/02 08:04:50 [notice] 37#37: gracefully shutting down
2022/08/02 08:04:50 [notice] 36#36: gracefully shutting down
2022/08/02 08:04:50 [notice] 31#31: exit
2022/08/02 08:04:50 [notice] 33#33: exit
2022/08/02 08:04:50 [notice] 35#35: exiting
2022/08/02 08:04:50 [notice] 34#34: exiting
2022/08/02 08:04:50 [notice] 32#32: exiting
2022/08/02 08:04:50 [notice] 37#37: exiting
2022/08/02 08:04:50 [notice] 36#36: exiting
2022/08/02 08:04:50 [notice] 35#35: exit
2022/08/02 08:04:50 [notice] 34#34: exit
2022/08/02 08:04:50 [notice] 32#32: exit
2022/08/02 08:04:50 [notice] 37#37: exit
2022/08/02 08:04:50 [notice] 36#36: exit
2022/08/02 08:04:50 [notice] 1#1: signal 17 (SIGCHLD) received from 36
2022/08/02 08:04:50 [notice] 1#1: worker process 35 exited with code 0
2022/08/02 08:04:50 [notice] 1#1: worker process 36 exited with code 0
2022/08/02 08:04:50 [notice] 1#1: signal 29 (SIGIO) received
2022/08/02 08:04:50 [notice] 1#1: signal 17 (SIGCHLD) received from 32
2022/08/02 08:04:50 [notice] 1#1: worker process 32 exited with code 0
2022/08/02 08:04:50 [notice] 1#1: signal 29 (SIGIO) received
2022/08/02 08:04:50 [notice] 1#1: signal 17 (SIGCHLD) received from 33
2022/08/02 08:04:50 [notice] 1#1: worker process 33 exited with code 0
2022/08/02 08:04:50 [notice] 1#1: signal 29 (SIGIO) received
2022/08/02 08:04:50 [notice] 1#1: signal 17 (SIGCHLD) received from 37
2022/08/02 08:04:50 [notice] 1#1: worker process 34 exited with code 0
2022/08/02 08:04:50 [notice] 1#1: worker process 37 exited with code 0
2022/08/02 08:04:50 [notice] 1#1: signal 17 (SIGCHLD) received from 31
2022/08/02 08:04:50 [notice] 1#1: worker process 31 exited with code 0
2022/08/02 08:04:50 [notice] 1#1: signal 29 (SIGIO) received
2022/08/02 08:04:50 [notice] 1#1: signal 29 (SIGIO) received
2022/08/02 08:05:52 [emerg] 1#1: host not found in upstream "php" in /etc/nginx/conf.d/default.conf:18
2022/08/03 09:23:16 [notice] 1#1: using the "epoll" event method
2022/08/03 09:23:16 [notice] 1#1: nginx/1.23.1
2022/08/03 09:23:16 [notice] 1#1: built by gcc 10.2.1 20210110 (Debian 10.2.1-6) 
2022/08/03 09:23:16 [notice] 1#1: OS: Linux 5.10.104-linuxkit
2022/08/03 09:23:16 [notice] 1#1: getrlimit(RLIMIT_NOFILE): 1048576:1048576
2022/08/03 09:23:16 [notice] 1#1: start worker processes
2022/08/03 09:23:16 [notice] 1#1: start worker process 30
2022/08/03 09:23:16 [notice] 1#1: start worker process 31
2022/08/03 09:23:16 [notice] 1#1: start worker process 32
2022/08/03 09:23:16 [notice] 1#1: start worker process 33
2022/08/03 09:23:16 [notice] 1#1: start worker process 34
2022/08/03 09:23:16 [notice] 1#1: start worker process 35
2022/08/03 09:23:16 [notice] 1#1: start worker process 36
2022/08/03 09:23:16 [notice] 1#1: start worker process 37
2022/08/03 09:23:59 [notice] 1#1: signal 3 (SIGQUIT) received, shutting down
2022/08/03 09:23:59 [notice] 30#30: gracefully shutting down
2022/08/03 09:23:59 [notice] 30#30: exiting
2022/08/03 09:23:59 [notice] 31#31: gracefully shutting down
2022/08/03 09:23:59 [notice] 32#32: gracefully shutting down
2022/08/03 09:23:59 [notice] 32#32: exiting
2022/08/03 09:23:59 [notice] 34#34: gracefully shutting down
2022/08/03 09:23:59 [notice] 33#33: gracefully shutting down
2022/08/03 09:23:59 [notice] 33#33: exiting
2022/08/03 09:23:59 [notice] 36#36: gracefully shutting down
2022/08/03 09:23:59 [notice] 35#35: gracefully shutting down
2022/08/03 09:23:59 [notice] 37#37: gracefully shutting down
2022/08/03 09:23:59 [notice] 37#37: exiting
2022/08/03 09:23:59 [notice] 30#30: exit
2022/08/03 09:23:59 [notice] 32#32: exit
2022/08/03 09:23:59 [notice] 34#34: exiting
2022/08/03 09:23:59 [notice] 33#33: exit
2022/08/03 09:23:59 [notice] 36#36: exiting
2022/08/03 09:23:59 [notice] 35#35: exiting
2022/08/03 09:23:59 [notice] 37#37: exit
2022/08/03 09:23:59 [notice] 34#34: exit
2022/08/03 09:23:59 [notice] 36#36: exit
2022/08/03 09:23:59 [notice] 35#35: exit
2022/08/03 09:23:59 [notice] 1#1: signal 17 (SIGCHLD) received from 33
2022/08/03 09:23:59 [notice] 1#1: worker process 30 exited with code 0
2022/08/03 09:23:59 [notice] 1#1: worker process 32 exited with code 0
2022/08/03 09:23:59 [notice] 1#1: worker process 33 exited with code 0
2022/08/03 09:23:59 [notice] 1#1: worker process 36 exited with code 0
2022/08/03 09:23:59 [notice] 1#1: signal 29 (SIGIO) received
2022/08/03 09:23:59 [notice] 1#1: signal 17 (SIGCHLD) received from 35
2022/08/03 09:23:59 [notice] 1#1: worker process 35 exited with code 0
2022/08/03 09:23:59 [notice] 1#1: signal 29 (SIGIO) received
2022/08/03 09:23:59 [notice] 1#1: signal 17 (SIGCHLD) received from 34
2022/08/03 09:23:59 [notice] 1#1: worker process 34 exited with code 0
2022/08/03 09:23:59 [notice] 1#1: signal 29 (SIGIO) received
2022/08/03 09:23:59 [notice] 1#1: signal 17 (SIGCHLD) received from 37
2022/08/03 09:23:59 [notice] 1#1: worker process 37 exited with code 0
2022/08/03 09:23:59 [notice] 1#1: signal 29 (SIGIO) received
2022/08/03 09:27:25 [emerg] 1#1: host not found in upstream "php" in /etc/nginx/conf.d/default.conf:18
2022/08/04 01:09:00 [notice] 1#1: using the "epoll" event method
2022/08/04 01:09:00 [notice] 1#1: nginx/1.23.1
2022/08/04 01:09:00 [notice] 1#1: built by gcc 10.2.1 20210110 (Debian 10.2.1-6) 
2022/08/04 01:09:00 [notice] 1#1: OS: Linux 5.10.104-linuxkit
2022/08/04 01:09:00 [notice] 1#1: getrlimit(RLIMIT_NOFILE): 1048576:1048576
2022/08/04 01:09:00 [notice] 1#1: start worker processes
2022/08/04 01:09:00 [notice] 1#1: start worker process 30
2022/08/04 01:09:00 [notice] 1#1: start worker process 31
2022/08/04 01:09:00 [notice] 1#1: start worker process 32
2022/08/04 01:09:00 [notice] 1#1: start worker process 33
2022/08/04 01:09:00 [notice] 1#1: start worker process 34
2022/08/04 01:09:00 [notice] 1#1: start worker process 35
2022/08/04 01:09:00 [notice] 1#1: start worker process 36
2022/08/04 01:09:00 [notice] 1#1: start worker process 37
2022/08/04 01:18:25 [notice] 1#1: signal 3 (SIGQUIT) received, shutting down
2022/08/04 01:18:25 [notice] 30#30: gracefully shutting down
2022/08/04 01:18:25 [notice] 32#32: gracefully shutting down
2022/08/04 01:18:25 [notice] 34#34: gracefully shutting down
2022/08/04 01:18:25 [notice] 31#31: gracefully shutting down
2022/08/04 01:18:25 [notice] 31#31: exiting
2022/08/04 01:18:25 [notice] 35#35: gracefully shutting down
2022/08/04 01:18:25 [notice] 37#37: gracefully shutting down
2022/08/04 01:18:25 [notice] 36#36: gracefully shutting down
2022/08/04 01:18:25 [notice] 36#36: exiting
2022/08/04 01:18:25 [notice] 30#30: exiting
2022/08/04 01:18:25 [notice] 32#32: exiting
2022/08/04 01:18:25 [notice] 34#34: exiting
2022/08/04 01:18:25 [notice] 33#33: gracefully shutting down
2022/08/04 01:18:25 [notice] 31#31: exit
2022/08/04 01:18:25 [notice] 35#35: exiting
2022/08/04 01:18:25 [notice] 37#37: exiting
2022/08/04 01:18:25 [notice] 36#36: exit
2022/08/04 01:18:25 [notice] 30#30: exit
2022/08/04 01:18:25 [notice] 32#32: exit
2022/08/04 01:18:25 [notice] 34#34: exit
2022/08/04 01:18:25 [notice] 33#33: exiting
2022/08/04 01:18:25 [notice] 35#35: exit
2022/08/04 01:18:25 [notice] 37#37: exit
2022/08/04 01:18:25 [notice] 33#33: exit
2022/08/04 01:18:25 [notice] 1#1: signal 17 (SIGCHLD) received from 34
2022/08/04 01:18:25 [notice] 1#1: worker process 30 exited with code 0
2022/08/04 01:18:25 [notice] 1#1: worker process 32 exited with code 0
2022/08/04 01:18:25 [notice] 1#1: worker process 34 exited with code 0
2022/08/04 01:18:25 [notice] 1#1: signal 29 (SIGIO) received
2022/08/04 01:18:25 [notice] 1#1: signal 17 (SIGCHLD) received from 30
2022/08/04 01:18:25 [notice] 1#1: worker process 31 exited with code 0
2022/08/04 01:18:25 [notice] 1#1: worker process 36 exited with code 0
2022/08/04 01:18:25 [notice] 1#1: signal 29 (SIGIO) received
2022/08/04 01:18:25 [notice] 1#1: signal 17 (SIGCHLD) received from 31
2022/08/04 01:18:25 [notice] 1#1: signal 17 (SIGCHLD) received from 35
2022/08/04 01:18:25 [notice] 1#1: worker process 33 exited with code 0
2022/08/04 01:18:25 [notice] 1#1: worker process 35 exited with code 0
2022/08/04 01:18:25 [notice] 1#1: signal 29 (SIGIO) received
2022/08/04 01:18:25 [notice] 1#1: signal 17 (SIGCHLD) received from 33
2022/08/04 01:18:25 [notice] 1#1: signal 17 (SIGCHLD) received from 37
2022/08/04 01:18:25 [notice] 1#1: worker process 37 exited with code 0
2022/08/04 01:18:25 [notice] 1#1: exit
2022/08/04 01:22:29 [notice] 1#1: using the "epoll" event method
2022/08/04 01:22:29 [notice] 1#1: nginx/1.23.1
2022/08/04 01:22:29 [notice] 1#1: built by gcc 10.2.1 20210110 (Debian 10.2.1-6) 
2022/08/04 01:22:29 [notice] 1#1: OS: Linux 5.10.104-linuxkit
2022/08/04 01:22:29 [notice] 1#1: getrlimit(RLIMIT_NOFILE): 1048576:1048576
2022/08/04 01:22:29 [notice] 1#1: start worker processes
2022/08/04 01:22:29 [notice] 1#1: start worker process 30
2022/08/04 01:22:29 [notice] 1#1: start worker process 31
2022/08/04 01:22:29 [notice] 1#1: start worker process 32
2022/08/04 01:22:29 [notice] 1#1: start worker process 33
2022/08/04 01:22:29 [notice] 1#1: start worker process 34
2022/08/04 01:22:29 [notice] 1#1: start worker process 35
2022/08/04 01:22:29 [notice] 1#1: start worker process 36
2022/08/04 01:22:29 [notice] 1#1: start worker process 37
2022/08/04 01:23:08 [notice] 1#1: signal 3 (SIGQUIT) received, shutting down
2022/08/04 01:23:08 [notice] 31#31: gracefully shutting down
2022/08/04 01:23:08 [notice] 35#35: gracefully shutting down
2022/08/04 01:23:08 [notice] 30#30: gracefully shutting down
2022/08/04 01:23:08 [notice] 34#34: gracefully shutting down
2022/08/04 01:23:08 [notice] 34#34: exiting
2022/08/04 01:23:08 [notice] 33#33: gracefully shutting down
2022/08/04 01:23:08 [notice] 37#37: gracefully shutting down
2022/08/04 01:23:08 [notice] 37#37: exiting
2022/08/04 01:23:08 [notice] 32#32: gracefully shutting down
2022/08/04 01:23:08 [notice] 36#36: gracefully shutting down
2022/08/04 01:23:08 [notice] 31#31: exiting
2022/08/04 01:23:08 [notice] 35#35: exiting
2022/08/04 01:23:08 [notice] 34#34: exit
2022/08/04 01:23:08 [notice] 33#33: exiting
2022/08/04 01:23:08 [notice] 37#37: exit
2022/08/04 01:23:08 [notice] 32#32: exiting
2022/08/04 01:23:08 [notice] 36#36: exiting
2022/08/04 01:23:08 [notice] 31#31: exit
2022/08/04 01:23:08 [notice] 35#35: exit
2022/08/04 01:23:08 [notice] 33#33: exit
2022/08/04 01:23:08 [notice] 32#32: exit
2022/08/04 01:23:08 [notice] 36#36: exit
2022/08/04 01:23:08 [notice] 1#1: signal 17 (SIGCHLD) received from 37
2022/08/04 01:23:08 [notice] 1#1: worker process 34 exited with code 0
2022/08/04 01:23:08 [notice] 1#1: worker process 37 exited with code 0
2022/08/04 01:23:08 [notice] 1#1: signal 29 (SIGIO) received
2022/08/04 01:23:08 [notice] 1#1: signal 17 (SIGCHLD) received from 35
2022/08/04 01:23:08 [notice] 1#1: worker process 31 exited with code 0
2022/08/04 01:23:08 [notice] 1#1: worker process 32 exited with code 0
2022/08/04 01:23:08 [notice] 1#1: worker process 33 exited with code 0
2022/08/04 01:23:08 [notice] 1#1: worker process 35 exited with code 0
2022/08/04 01:23:08 [notice] 1#1: signal 29 (SIGIO) received
2022/08/04 01:23:08 [notice] 1#1: signal 17 (SIGCHLD) received from 31
2022/08/04 01:23:08 [notice] 1#1: signal 17 (SIGCHLD) received from 36
2022/08/04 01:23:08 [notice] 1#1: worker process 36 exited with code 0
2022/08/04 01:23:08 [notice] 1#1: signal 29 (SIGIO) received
2022/08/05 00:51:37 [notice] 1#1: using the "epoll" event method
2022/08/05 00:51:37 [notice] 1#1: nginx/1.23.1
2022/08/05 00:51:37 [notice] 1#1: built by gcc 10.2.1 20210110 (Debian 10.2.1-6) 
2022/08/05 00:51:37 [notice] 1#1: OS: Linux 5.10.104-linuxkit
2022/08/05 00:51:37 [notice] 1#1: getrlimit(RLIMIT_NOFILE): 1048576:1048576
2022/08/05 00:51:37 [notice] 1#1: start worker processes
2022/08/05 00:51:37 [notice] 1#1: start worker process 30
2022/08/05 00:51:37 [notice] 1#1: start worker process 31
2022/08/05 00:51:37 [notice] 1#1: start worker process 32
2022/08/05 00:51:37 [notice] 1#1: start worker process 33
2022/08/05 00:51:37 [notice] 1#1: start worker process 34
2022/08/05 00:51:37 [notice] 1#1: start worker process 35
2022/08/05 00:51:37 [notice] 1#1: start worker process 36
2022/08/05 00:51:37 [notice] 1#1: start worker process 37
